The volume variable is not set. Defaulting to a blank string.
The consul variable is not set. Defaulting to a blank string.
The configSeed variable is not set. Defaulting to a blank string.
The vault variable is not set. Defaulting to a blank string.
The vaultWorker variable is not set. Defaulting to a blank string.
The kongdb variable is not set. Defaulting to a blank string.
The kong variable is not set. Defaulting to a blank string.
The edgexProxy variable is not set. Defaulting to a blank string.
The mongo variable is not set. Defaulting to a blank string.
The supportLogging variable is not set. Defaulting to a blank string.
The supportNotifications variable is not set. Defaulting to a blank string.
The coreMetadata variable is not set. Defaulting to a blank string.
The coreData variable is not set. Defaulting to a blank string.
The coreCommand variable is not set. Defaulting to a blank string.
The supportScheduler variable is not set. Defaulting to a blank string.
The exportClient variable is not set. Defaulting to a blank string.
The exportDistro variable is not set. Defaulting to a blank string.
The supportRulesengine variable is not set. Defaulting to a blank string.
The deviceVirtual variable is not set. Defaulting to a blank string.
The postman variable is not set. Defaulting to a blank string.
No such service: valut-worker
